<?xml version="1.0" encoding="UTF-8"?>
<!-- Generated by org.testng.reporters.JUnitXMLReporter -->
<testsuite ignored="4" hostname="LAPTOP-1017J42I" failures="0" tests="0" time="0.002" errors="0" timestamp="2024-01-12T14:21:55 IST">
  <testcase classname="com.test.OrangeHrm" name="VerifyMyInfo" time="0.0">
    <ignored/>
  </testcase> <!-- VerifyMyInfo -->
  <testcase classname="com.test.OrangeHrm" name="NavigateToMyInfo" time="0.0">
    <ignored/>
  </testcase> <!-- NavigateToMyInfo -->
  <testcase classname="com.test.OrangeHrm" name="LaunchApp" time="0.0">
    <ignored/>
  </testcase> <!-- LaunchApp -->
  <testcase classname="com.test.OrangeHrm" name="EnterLoginDetails" time="0.0">
    <ignored/>
  </testcase> <!-- EnterLoginDetails -->
</testsuite>
